<?xml version="1.0" encoding="UTF-8"?>
<!-- Generated by org.testng.reporters.JUnitXMLReporter -->
<testsuite ignored="6" hostname="DESKTOP-MBMFGHJ" failures="0" tests="2" name="Default test" time="2.032" errors="0" timestamp="2024-06-10T10:26:26 EEST">
  <testcase classname="VerifyTheSystem" name="verifyTheLogin" time="1.797"/>
  <testcase classname="VerifyTheSystem" name="findAllElementThatHasContainWordLabs" time="0.176"/>
  <testcase classname="VerifyTheSystem" name="checkTheLatestItemFromZ_A" time="0.0">
    <ignored/>
  </testcase> <!-- checkTheLatestItemFromZ_A -->
  <testcase classname="VerifyTheSystem" name="checkTheLatestItemFromHigh_Low" time="0.0">
    <ignored/>
  </testcase> <!-- checkTheLatestItemFromHigh_Low -->
  <testcase classname="VerifyTheSystem" name="findAllElemenThatHasPriceIsHigherThan15" time="0.0">
    <ignored/>
  </testcase> <!-- findAllElemenThatHasPriceIsHigherThan15 -->
  <testcase classname="VerifyTheSystem" name="verifyTheWordProductIsPresent" time="0.0">
    <ignored/>
  </testcase> <!-- verifyTheWordProductIsPresent -->
  <testcase classname="VerifyTheSystem" name="verifycTheLatestItemFromLow_High" time="0.0">
    <ignored/>
  </testcase> <!-- verifycTheLatestItemFromLow_High -->
  <testcase classname="VerifyTheSystem" name="checkTheLatestItemFromA_Z" time="0.0">
    <ignored/>
  </testcase> <!-- checkTheLatestItemFromA_Z -->
</testsuite> <!-- Default test -->
